[0.012s] Invoking command in '/home/ubuntu/dev_ws/build/articubot_one': CMAKE_PREFIX_PATH=${CMAKE_PREFIX_PATH}:/home/ubuntu/ros2_ws/install/my_py_pkg:/opt/ros/humble /usr/bin/cmake --build /home/ubuntu/dev_ws/build/articubot_one -- -j8 -l8
[0.052s] Invoked command in '/home/ubuntu/dev_ws/build/articubot_one' returned '0': CMAKE_PREFIX_PATH=${CMAKE_PREFIX_PATH}:/home/ubuntu/ros2_ws/install/my_py_pkg:/opt/ros/humble /usr/bin/cmake --build /home/ubuntu/dev_ws/build/articubot_one -- -j8 -l8
[0.063s] Invoking command in '/home/ubuntu/dev_ws/build/articubot_one': CMAKE_PREFIX_PATH=${CMAKE_PREFIX_PATH}:/home/ubuntu/ros2_ws/install/my_py_pkg:/opt/ros/humble /usr/bin/cmake --install /home/ubuntu/dev_ws/build/articubot_one
[0.070s] -- Install configuration: ""
[0.070s] -- Execute custom install script
[0.070s] -- Up-to-date symlink: /home/ubuntu/dev_ws/install/articubot_one/share/articubot_one/config/drive_bot.rviz
[0.070s] -- Up-to-date symlink: /home/ubuntu/dev_ws/install/articubot_one/share/articubot_one/config/drive_bot.rvizrviz.rviz
[0.070s] -- Up-to-date symlink: /home/ubuntu/dev_ws/install/articubot_one/share/articubot_one/config/empty.yaml
[0.070s] -- Up-to-date symlink: /home/ubuntu/dev_ws/install/articubot_one/share/articubot_one/config/view_bot.rviz
[0.071s] -- Up-to-date symlink: /home/ubuntu/dev_ws/install/articubot_one/share/articubot_one/description/gazebo_control.xacro
[0.071s] -- Up-to-date symlink: /home/ubuntu/dev_ws/install/articubot_one/share/articubot_one/description/inertial_macros.xacro
[0.071s] -- Up-to-date symlink: /home/ubuntu/dev_ws/install/articubot_one/share/articubot_one/description/lidar.xacro
[0.071s] -- Up-to-date symlink: /home/ubuntu/dev_ws/install/articubot_one/share/articubot_one/description/robot.urdf.xacro
[0.071s] -- Up-to-date symlink: /home/ubuntu/dev_ws/install/articubot_one/share/articubot_one/description/robot_core.xacro
[0.071s] -- Up-to-date symlink: /home/ubuntu/dev_ws/install/articubot_one/share/articubot_one/launch/launch_sim.launch.py
[0.071s] -- Up-to-date symlink: /home/ubuntu/dev_ws/install/articubot_one/share/articubot_one/launch/rsp.launch.py
[0.071s] -- Symlinking: /home/ubuntu/dev_ws/install/articubot_one/share/articubot_one/worlds/OBSTACLE
[0.081s] -- Up-to-date symlink: /home/ubuntu/dev_ws/install/articubot_one/share/articubot_one/worlds/empty.world
[0.081s] -- Up-to-date symlink: /home/ubuntu/dev_ws/install/articubot_one/share/articubot_one/worlds/obstacles.world
[0.081s] -- Up-to-date symlink: /home/ubuntu/dev_ws/install/articubot_one/share/ament_index/resource_index/package_run_dependencies/articubot_one
[0.081s] -- Up-to-date symlink: /home/ubuntu/dev_ws/install/articubot_one/share/ament_index/resource_index/parent_prefix_path/articubot_one
[0.081s] -- Up-to-date symlink: /home/ubuntu/dev_ws/install/articubot_one/share/articubot_one/environment/ament_prefix_path.sh
[0.081s] -- Up-to-date symlink: /home/ubuntu/dev_ws/install/articubot_one/share/articubot_one/environment/ament_prefix_path.dsv
[0.081s] -- Up-to-date symlink: /home/ubuntu/dev_ws/install/articubot_one/share/articubot_one/environment/path.sh
[0.082s] -- Up-to-date symlink: /home/ubuntu/dev_ws/install/articubot_one/share/articubot_one/environment/path.dsv
[0.082s] -- Up-to-date symlink: /home/ubuntu/dev_ws/install/articubot_one/share/articubot_one/local_setup.bash
[0.082s] -- Up-to-date symlink: /home/ubuntu/dev_ws/install/articubot_one/share/articubot_one/local_setup.sh
[0.082s] -- Up-to-date symlink: /home/ubuntu/dev_ws/install/articubot_one/share/articubot_one/local_setup.zsh
[0.082s] -- Up-to-date symlink: /home/ubuntu/dev_ws/install/articubot_one/share/articubot_one/local_setup.dsv
[0.082s] -- Symlinking: /home/ubuntu/dev_ws/install/articubot_one/share/articubot_one/package.dsv
[0.092s] -- Up-to-date symlink: /home/ubuntu/dev_ws/install/articubot_one/share/ament_index/resource_index/packages/articubot_one
[0.092s] -- Up-to-date symlink: /home/ubuntu/dev_ws/install/articubot_one/share/articubot_one/cmake/articubot_oneConfig.cmake
[0.092s] -- Up-to-date symlink: /home/ubuntu/dev_ws/install/articubot_one/share/articubot_one/cmake/articubot_oneConfig-version.cmake
[0.092s] -- Up-to-date symlink: /home/ubuntu/dev_ws/install/articubot_one/share/articubot_one/package.xml
[0.095s] Invoked command in '/home/ubuntu/dev_ws/build/articubot_one' returned '0': CMAKE_PREFIX_PATH=${CMAKE_PREFIX_PATH}:/home/ubuntu/ros2_ws/install/my_py_pkg:/opt/ros/humble /usr/bin/cmake --install /home/ubuntu/dev_ws/build/articubot_one
