[0.015s] Invoking command in '/home/ubuntu/bot_ws/build/articubot_one': CMAKE_PREFIX_PATH=${CMAKE_PREFIX_PATH}:/home/ubuntu/ros2_ws/install/my_py_pkg:/opt/ros/humble /usr/bin/cmake --build /home/ubuntu/bot_ws/build/articubot_one -- -j8 -l8
[0.079s] Invoked command in '/home/ubuntu/bot_ws/build/articubot_one' returned '0': CMAKE_PREFIX_PATH=${CMAKE_PREFIX_PATH}:/home/ubuntu/ros2_ws/install/my_py_pkg:/opt/ros/humble /usr/bin/cmake --build /home/ubuntu/bot_ws/build/articubot_one -- -j8 -l8
[0.093s] Invoking command in '/home/ubuntu/bot_ws/build/articubot_one': CMAKE_PREFIX_PATH=${CMAKE_PREFIX_PATH}:/home/ubuntu/ros2_ws/install/my_py_pkg:/opt/ros/humble /usr/bin/cmake --install /home/ubuntu/bot_ws/build/articubot_one
[0.102s] -- Install configuration: ""
[0.102s] -- Execute custom install script
[0.103s] -- Up-to-date symlink: /home/ubuntu/bot_ws/install/articubot_one/share/articubot_one/config/drive_bot.rviz
[0.104s] -- Up-to-date symlink: /home/ubuntu/bot_ws/install/articubot_one/share/articubot_one/config/drive_bot.rvizrviz.rviz
[0.104s] -- Up-to-date symlink: /home/ubuntu/bot_ws/install/articubot_one/share/articubot_one/config/empty.yaml
[0.104s] -- Symlinking: /home/ubuntu/bot_ws/install/articubot_one/share/articubot_one/config/mapper_params_online_async.yaml
[0.116s] -- Up-to-date symlink: /home/ubuntu/bot_ws/install/articubot_one/share/articubot_one/config/view_bot.rviz
[0.116s] -- Up-to-date symlink: /home/ubuntu/bot_ws/install/articubot_one/share/articubot_one/description/camera.xacro
[0.117s] -- Up-to-date symlink: /home/ubuntu/bot_ws/install/articubot_one/share/articubot_one/description/depth_camera.xacro
[0.117s] -- Up-to-date symlink: /home/ubuntu/bot_ws/install/articubot_one/share/articubot_one/description/gazebo_control.xacro
[0.117s] -- Up-to-date symlink: /home/ubuntu/bot_ws/install/articubot_one/share/articubot_one/description/inertial_macros.xacro
[0.117s] -- Up-to-date symlink: /home/ubuntu/bot_ws/install/articubot_one/share/articubot_one/description/lidar.xacro
[0.117s] -- Up-to-date symlink: /home/ubuntu/bot_ws/install/articubot_one/share/articubot_one/description/robot.urdf.xacro
[0.117s] -- Up-to-date symlink: /home/ubuntu/bot_ws/install/articubot_one/share/articubot_one/description/robot_core.xacro
[0.117s] -- Up-to-date symlink: /home/ubuntu/bot_ws/install/articubot_one/share/articubot_one/launch/launch_sim.launch.py
[0.117s] -- Up-to-date symlink: /home/ubuntu/bot_ws/install/articubot_one/share/articubot_one/launch/rsp.launch.py
[0.117s] -- Up-to-date symlink: /home/ubuntu/bot_ws/install/articubot_one/share/articubot_one/worlds/OBSTACLE
[0.117s] -- Up-to-date symlink: /home/ubuntu/bot_ws/install/articubot_one/share/articubot_one/worlds/empty.world
[0.117s] -- Up-to-date symlink: /home/ubuntu/bot_ws/install/articubot_one/share/articubot_one/worlds/obstacles.world
[0.118s] -- Up-to-date symlink: /home/ubuntu/bot_ws/install/articubot_one/share/ament_index/resource_index/package_run_dependencies/articubot_one
[0.118s] -- Up-to-date symlink: /home/ubuntu/bot_ws/install/articubot_one/share/ament_index/resource_index/parent_prefix_path/articubot_one
[0.118s] -- Up-to-date symlink: /home/ubuntu/bot_ws/install/articubot_one/share/articubot_one/environment/ament_prefix_path.sh
[0.118s] -- Up-to-date symlink: /home/ubuntu/bot_ws/install/articubot_one/share/articubot_one/environment/ament_prefix_path.dsv
[0.118s] -- Up-to-date symlink: /home/ubuntu/bot_ws/install/articubot_one/share/articubot_one/environment/path.sh
[0.118s] -- Up-to-date symlink: /home/ubuntu/bot_ws/install/articubot_one/share/articubot_one/environment/path.dsv
[0.118s] -- Up-to-date symlink: /home/ubuntu/bot_ws/install/articubot_one/share/articubot_one/local_setup.bash
[0.119s] -- Up-to-date symlink: /home/ubuntu/bot_ws/install/articubot_one/share/articubot_one/local_setup.sh
[0.119s] -- Up-to-date symlink: /home/ubuntu/bot_ws/install/articubot_one/share/articubot_one/local_setup.zsh
[0.119s] -- Up-to-date symlink: /home/ubuntu/bot_ws/install/articubot_one/share/articubot_one/local_setup.dsv
[0.119s] -- Symlinking: /home/ubuntu/bot_ws/install/articubot_one/share/articubot_one/package.dsv
[0.134s] -- Up-to-date symlink: /home/ubuntu/bot_ws/install/articubot_one/share/ament_index/resource_index/packages/articubot_one
[0.134s] -- Up-to-date symlink: /home/ubuntu/bot_ws/install/articubot_one/share/articubot_one/cmake/articubot_oneConfig.cmake
[0.134s] -- Up-to-date symlink: /home/ubuntu/bot_ws/install/articubot_one/share/articubot_one/cmake/articubot_oneConfig-version.cmake
[0.134s] -- Up-to-date symlink: /home/ubuntu/bot_ws/install/articubot_one/share/articubot_one/package.xml
[0.137s] Invoked command in '/home/ubuntu/bot_ws/build/articubot_one' returned '0': CMAKE_PREFIX_PATH=${CMAKE_PREFIX_PATH}:/home/ubuntu/ros2_ws/install/my_py_pkg:/opt/ros/humble /usr/bin/cmake --install /home/ubuntu/bot_ws/build/articubot_one
