[0.013s] Invoking command in '/home/ubuntu/bot_ws/build/articubot_one': CMAKE_PREFIX_PATH=${CMAKE_PREFIX_PATH}:/home/ubuntu/ros2_ws/install/my_py_pkg:/opt/ros/humble /usr/bin/cmake /home/ubuntu/bot_ws/src -DCMAKE_INSTALL_PREFIX=/home/ubuntu/bot_ws/install/articubot_one
[0.071s] -- The C compiler identification is GNU 11.4.0
[0.132s] -- The CXX compiler identification is GNU 11.4.0
[0.140s] -- Detecting C compiler ABI info
[0.215s] -- Detecting C compiler ABI info - done
[0.222s] -- Check for working C compiler: /usr/bin/cc - skipped
[0.222s] -- Detecting C compile features
[0.222s] -- Detecting C compile features - done
[0.225s] -- Detecting CXX compiler ABI info
[0.310s] -- Detecting CXX compiler ABI info - done
[0.317s] -- Check for working CXX compiler: /usr/bin/c++ - skipped
[0.317s] -- Detecting CXX compile features
[0.317s] -- Detecting CXX compile features - done
[0.320s] -- Found ament_cmake: 1.3.10 (/opt/ros/humble/share/ament_cmake/cmake)
[0.709s] -- Found Python3: /usr/bin/python3 (found version "3.10.12") found components: Interpreter 
[0.827s] -- Found ament_lint_auto: 0.12.11 (/opt/ros/humble/share/ament_lint_auto/cmake)
[0.909s] -- Added test 'copyright' to check source files copyright and LICENSE
[0.911s] -- Added test 'flake8' to check Python code syntax and style conventions
[0.912s] -- Added test 'lint_cmake' to check CMake code style
[0.913s] -- Added test 'pep257' to check Python code against some of the docstring style conventions in PEP 257
[0.914s] -- Added test 'xmllint' to check XML markup files
[0.916s] -- Configuring done
[0.919s] -- Generating done
[0.921s] -- Build files have been written to: /home/ubuntu/bot_ws/build/articubot_one
[0.926s] Invoked command in '/home/ubuntu/bot_ws/build/articubot_one' returned '0': CMAKE_PREFIX_PATH=${CMAKE_PREFIX_PATH}:/home/ubuntu/ros2_ws/install/my_py_pkg:/opt/ros/humble /usr/bin/cmake /home/ubuntu/bot_ws/src -DCMAKE_INSTALL_PREFIX=/home/ubuntu/bot_ws/install/articubot_one
[0.928s] Invoking command in '/home/ubuntu/bot_ws/build/articubot_one': CMAKE_PREFIX_PATH=${CMAKE_PREFIX_PATH}:/home/ubuntu/ros2_ws/install/my_py_pkg:/opt/ros/humble /usr/bin/cmake --build /home/ubuntu/bot_ws/build/articubot_one -- -j8 -l8
[0.971s] Invoked command in '/home/ubuntu/bot_ws/build/articubot_one' returned '0': CMAKE_PREFIX_PATH=${CMAKE_PREFIX_PATH}:/home/ubuntu/ros2_ws/install/my_py_pkg:/opt/ros/humble /usr/bin/cmake --build /home/ubuntu/bot_ws/build/articubot_one -- -j8 -l8
[0.984s] Invoking command in '/home/ubuntu/bot_ws/build/articubot_one': CMAKE_PREFIX_PATH=${CMAKE_PREFIX_PATH}:/home/ubuntu/ros2_ws/install/my_py_pkg:/opt/ros/humble /usr/bin/cmake --install /home/ubuntu/bot_ws/build/articubot_one
[0.991s] -- Install configuration: ""
[0.992s] -- Installing: /home/ubuntu/bot_ws/install/articubot_one/share/articubot_one/config
[0.992s] -- Installing: /home/ubuntu/bot_ws/install/articubot_one/share/articubot_one/config/drive_bot.rvizrviz.rviz
[0.992s] -- Installing: /home/ubuntu/bot_ws/install/articubot_one/share/articubot_one/config/drive_bot.rviz
[0.992s] -- Installing: /home/ubuntu/bot_ws/install/articubot_one/share/articubot_one/config/view_bot.rviz
[0.992s] -- Installing: /home/ubuntu/bot_ws/install/articubot_one/share/articubot_one/config/empty.yaml
[0.992s] -- Installing: /home/ubuntu/bot_ws/install/articubot_one/share/articubot_one/description
[0.992s] -- Installing: /home/ubuntu/bot_ws/install/articubot_one/share/articubot_one/description/lidar.xacro
[0.992s] -- Installing: /home/ubuntu/bot_ws/install/articubot_one/share/articubot_one/description/robot.urdf.xacro
[0.992s] -- Installing: /home/ubuntu/bot_ws/install/articubot_one/share/articubot_one/description/inertial_macros.xacro
[0.992s] -- Installing: /home/ubuntu/bot_ws/install/articubot_one/share/articubot_one/description/robot_core.xacro
[0.992s] -- Installing: /home/ubuntu/bot_ws/install/articubot_one/share/articubot_one/description/gazebo_control.xacro
[0.992s] -- Installing: /home/ubuntu/bot_ws/install/articubot_one/share/articubot_one/launch
[0.993s] -- Installing: /home/ubuntu/bot_ws/install/articubot_one/share/articubot_one/launch/rsp.launch.py
[0.993s] -- Installing: /home/ubuntu/bot_ws/install/articubot_one/share/articubot_one/launch/launch_sim.launch.py
[0.993s] -- Installing: /home/ubuntu/bot_ws/install/articubot_one/share/articubot_one/worlds
[0.993s] -- Installing: /home/ubuntu/bot_ws/install/articubot_one/share/articubot_one/worlds/OBSTACLE
[0.993s] -- Installing: /home/ubuntu/bot_ws/install/articubot_one/share/articubot_one/worlds/empty.world
[0.993s] -- Installing: /home/ubuntu/bot_ws/install/articubot_one/share/articubot_one/worlds/obstacles.world
[0.994s] -- Installing: /home/ubuntu/bot_ws/install/articubot_one/share/ament_index/resource_index/package_run_dependencies/articubot_one
[0.994s] -- Installing: /home/ubuntu/bot_ws/install/articubot_one/share/ament_index/resource_index/parent_prefix_path/articubot_one
[0.994s] -- Installing: /home/ubuntu/bot_ws/install/articubot_one/share/articubot_one/environment/ament_prefix_path.sh
[0.994s] -- Installing: /home/ubuntu/bot_ws/install/articubot_one/share/articubot_one/environment/ament_prefix_path.dsv
[0.994s] -- Installing: /home/ubuntu/bot_ws/install/articubot_one/share/articubot_one/environment/path.sh
[0.994s] -- Installing: /home/ubuntu/bot_ws/install/articubot_one/share/articubot_one/environment/path.dsv
[0.995s] -- Installing: /home/ubuntu/bot_ws/install/articubot_one/share/articubot_one/local_setup.bash
[0.995s] -- Installing: /home/ubuntu/bot_ws/install/articubot_one/share/articubot_one/local_setup.sh
[0.995s] -- Installing: /home/ubuntu/bot_ws/install/articubot_one/share/articubot_one/local_setup.zsh
[0.995s] -- Installing: /home/ubuntu/bot_ws/install/articubot_one/share/articubot_one/local_setup.dsv
[0.995s] -- Installing: /home/ubuntu/bot_ws/install/articubot_one/share/articubot_one/package.dsv
[0.995s] -- Installing: /home/ubuntu/bot_ws/install/articubot_one/share/ament_index/resource_index/packages/articubot_one
[0.996s] -- Installing: /home/ubuntu/bot_ws/install/articubot_one/share/articubot_one/cmake/articubot_oneConfig.cmake
[0.996s] -- Installing: /home/ubuntu/bot_ws/install/articubot_one/share/articubot_one/cmake/articubot_oneConfig-version.cmake
[0.996s] -- Installing: /home/ubuntu/bot_ws/install/articubot_one/share/articubot_one/package.xml
[0.999s] Invoked command in '/home/ubuntu/bot_ws/build/articubot_one' returned '0': CMAKE_PREFIX_PATH=${CMAKE_PREFIX_PATH}:/home/ubuntu/ros2_ws/install/my_py_pkg:/opt/ros/humble /usr/bin/cmake --install /home/ubuntu/bot_ws/build/articubot_one
