[0.013s] Invoking command in '/home/ubuntu/bot_ws/build/articubot_one': CMAKE_PREFIX_PATH=${CMAKE_PREFIX_PATH}:/home/ubuntu/ros2_ws/install/my_py_pkg:/opt/ros/humble /usr/bin/cmake /home/ubuntu/bot_ws/src -DAMENT_CMAKE_SYMLINK_INSTALL=1 -DCMAKE_INSTALL_PREFIX=/home/ubuntu/bot_ws/install/articubot_one
[0.026s] -- Found ament_cmake: 1.3.10 (/opt/ros/humble/share/ament_cmake/cmake)
[0.137s] -- Override CMake install command with custom implementation using symlinks instead of copying resources
[0.144s] -- Found ament_lint_auto: 0.12.11 (/opt/ros/humble/share/ament_lint_auto/cmake)
[0.212s] -- Added test 'copyright' to check source files copyright and LICENSE
[0.215s] -- Added test 'flake8' to check Python code syntax and style conventions
[0.215s] -- Added test 'lint_cmake' to check CMake code style
[0.215s] -- Added test 'pep257' to check Python code against some of the docstring style conventions in PEP 257
[0.217s] -- Added test 'xmllint' to check XML markup files
[0.218s] -- Configuring done
[0.221s] -- Generating done
[0.223s] -- Build files have been written to: /home/ubuntu/bot_ws/build/articubot_one
[0.226s] Invoked command in '/home/ubuntu/bot_ws/build/articubot_one' returned '0': CMAKE_PREFIX_PATH=${CMAKE_PREFIX_PATH}:/home/ubuntu/ros2_ws/install/my_py_pkg:/opt/ros/humble /usr/bin/cmake /home/ubuntu/bot_ws/src -DAMENT_CMAKE_SYMLINK_INSTALL=1 -DCMAKE_INSTALL_PREFIX=/home/ubuntu/bot_ws/install/articubot_one
[0.228s] Invoking command in '/home/ubuntu/bot_ws/build/articubot_one': CMAKE_PREFIX_PATH=${CMAKE_PREFIX_PATH}:/home/ubuntu/ros2_ws/install/my_py_pkg:/opt/ros/humble /usr/bin/cmake --build /home/ubuntu/bot_ws/build/articubot_one -- -j8 -l8
[0.273s] Invoked command in '/home/ubuntu/bot_ws/build/articubot_one' returned '0': CMAKE_PREFIX_PATH=${CMAKE_PREFIX_PATH}:/home/ubuntu/ros2_ws/install/my_py_pkg:/opt/ros/humble /usr/bin/cmake --build /home/ubuntu/bot_ws/build/articubot_one -- -j8 -l8
[0.285s] Invoking command in '/home/ubuntu/bot_ws/build/articubot_one': CMAKE_PREFIX_PATH=${CMAKE_PREFIX_PATH}:/home/ubuntu/ros2_ws/install/my_py_pkg:/opt/ros/humble /usr/bin/cmake --install /home/ubuntu/bot_ws/build/articubot_one
[0.293s] -- Install configuration: ""
[0.293s] -- Execute custom install script
[0.293s] -- Symlinking: /home/ubuntu/bot_ws/install/articubot_one/share/articubot_one/config/drive_bot.rviz
[0.304s] -- Symlinking: /home/ubuntu/bot_ws/install/articubot_one/share/articubot_one/config/drive_bot.rvizrviz.rviz
[0.314s] -- Symlinking: /home/ubuntu/bot_ws/install/articubot_one/share/articubot_one/config/empty.yaml
[0.325s] -- Symlinking: /home/ubuntu/bot_ws/install/articubot_one/share/articubot_one/config/view_bot.rviz
[0.336s] -- Symlinking: /home/ubuntu/bot_ws/install/articubot_one/share/articubot_one/description/camera.xacro
[0.347s] -- Symlinking: /home/ubuntu/bot_ws/install/articubot_one/share/articubot_one/description/gazebo_control.xacro
[0.358s] -- Symlinking: /home/ubuntu/bot_ws/install/articubot_one/share/articubot_one/description/inertial_macros.xacro
[0.368s] -- Symlinking: /home/ubuntu/bot_ws/install/articubot_one/share/articubot_one/description/lidar.xacro
[0.379s] -- Symlinking: /home/ubuntu/bot_ws/install/articubot_one/share/articubot_one/description/robot.urdf.xacro
[0.390s] -- Symlinking: /home/ubuntu/bot_ws/install/articubot_one/share/articubot_one/description/robot_core.xacro
[0.400s] -- Symlinking: /home/ubuntu/bot_ws/install/articubot_one/share/articubot_one/launch/launch_sim.launch.py
[0.410s] -- Symlinking: /home/ubuntu/bot_ws/install/articubot_one/share/articubot_one/launch/rsp.launch.py
[0.420s] -- Symlinking: /home/ubuntu/bot_ws/install/articubot_one/share/articubot_one/worlds/OBSTACLE
[0.431s] -- Symlinking: /home/ubuntu/bot_ws/install/articubot_one/share/articubot_one/worlds/empty.world
[0.441s] -- Symlinking: /home/ubuntu/bot_ws/install/articubot_one/share/articubot_one/worlds/obstacles.world
[0.451s] -- Symlinking: /home/ubuntu/bot_ws/install/articubot_one/share/ament_index/resource_index/package_run_dependencies/articubot_one
[0.462s] -- Symlinking: /home/ubuntu/bot_ws/install/articubot_one/share/ament_index/resource_index/parent_prefix_path/articubot_one
[0.473s] -- Symlinking: /home/ubuntu/bot_ws/install/articubot_one/share/articubot_one/environment/ament_prefix_path.sh
[0.484s] -- Symlinking: /home/ubuntu/bot_ws/install/articubot_one/share/articubot_one/environment/ament_prefix_path.dsv
[0.495s] -- Symlinking: /home/ubuntu/bot_ws/install/articubot_one/share/articubot_one/environment/path.sh
[0.506s] -- Symlinking: /home/ubuntu/bot_ws/install/articubot_one/share/articubot_one/environment/path.dsv
[0.516s] -- Symlinking: /home/ubuntu/bot_ws/install/articubot_one/share/articubot_one/local_setup.bash
[0.527s] -- Symlinking: /home/ubuntu/bot_ws/install/articubot_one/share/articubot_one/local_setup.sh
[0.538s] -- Symlinking: /home/ubuntu/bot_ws/install/articubot_one/share/articubot_one/local_setup.zsh
[0.548s] -- Symlinking: /home/ubuntu/bot_ws/install/articubot_one/share/articubot_one/local_setup.dsv
[0.558s] -- Symlinking: /home/ubuntu/bot_ws/install/articubot_one/share/articubot_one/package.dsv
[0.569s] -- Symlinking: /home/ubuntu/bot_ws/install/articubot_one/share/ament_index/resource_index/packages/articubot_one
[0.579s] -- Symlinking: /home/ubuntu/bot_ws/install/articubot_one/share/articubot_one/cmake/articubot_oneConfig.cmake
[0.589s] -- Symlinking: /home/ubuntu/bot_ws/install/articubot_one/share/articubot_one/cmake/articubot_oneConfig-version.cmake
[0.600s] -- Symlinking: /home/ubuntu/bot_ws/install/articubot_one/share/articubot_one/package.xml
[0.613s] Invoked command in '/home/ubuntu/bot_ws/build/articubot_one' returned '0': CMAKE_PREFIX_PATH=${CMAKE_PREFIX_PATH}:/home/ubuntu/ros2_ws/install/my_py_pkg:/opt/ros/humble /usr/bin/cmake --install /home/ubuntu/bot_ws/build/articubot_one
