[0.013s] Invoking command in '/home/ubuntu/bot_ws/build/articubot_one': CMAKE_PREFIX_PATH=${CMAKE_PREFIX_PATH}:/home/ubuntu/ros2_ws/install/my_py_pkg:/opt/ros/humble /usr/bin/cmake /home/ubuntu/bot_ws/src -DAMENT_CMAKE_SYMLINK_INSTALL=1 -DCMAKE_INSTALL_PREFIX=/home/ubuntu/bot_ws/install/articubot_one
[0.026s] -- Found ament_cmake: 1.3.10 (/opt/ros/humble/share/ament_cmake/cmake)
[0.157s] -- Override CMake install command with custom implementation using symlinks instead of copying resources
[0.164s] -- Found ament_lint_auto: 0.12.11 (/opt/ros/humble/share/ament_lint_auto/cmake)
[0.241s] -- Added test 'copyright' to check source files copyright and LICENSE
[0.244s] -- Added test 'flake8' to check Python code syntax and style conventions
[0.245s] -- Added test 'lint_cmake' to check CMake code style
[0.245s] -- Added test 'pep257' to check Python code against some of the docstring style conventions in PEP 257
[0.247s] -- Added test 'xmllint' to check XML markup files
[0.248s] -- Configuring done
[0.251s] -- Generating done
[0.253s] -- Build files have been written to: /home/ubuntu/bot_ws/build/articubot_one
[0.257s] Invoked command in '/home/ubuntu/bot_ws/build/articubot_one' returned '0': CMAKE_PREFIX_PATH=${CMAKE_PREFIX_PATH}:/home/ubuntu/ros2_ws/install/my_py_pkg:/opt/ros/humble /usr/bin/cmake /home/ubuntu/bot_ws/src -DAMENT_CMAKE_SYMLINK_INSTALL=1 -DCMAKE_INSTALL_PREFIX=/home/ubuntu/bot_ws/install/articubot_one
[0.259s] Invoking command in '/home/ubuntu/bot_ws/build/articubot_one': CMAKE_PREFIX_PATH=${CMAKE_PREFIX_PATH}:/home/ubuntu/ros2_ws/install/my_py_pkg:/opt/ros/humble /usr/bin/cmake --build /home/ubuntu/bot_ws/build/articubot_one -- -j8 -l8
[0.306s] Invoked command in '/home/ubuntu/bot_ws/build/articubot_one' returned '0': CMAKE_PREFIX_PATH=${CMAKE_PREFIX_PATH}:/home/ubuntu/ros2_ws/install/my_py_pkg:/opt/ros/humble /usr/bin/cmake --build /home/ubuntu/bot_ws/build/articubot_one -- -j8 -l8
[0.318s] Invoking command in '/home/ubuntu/bot_ws/build/articubot_one': CMAKE_PREFIX_PATH=${CMAKE_PREFIX_PATH}:/home/ubuntu/ros2_ws/install/my_py_pkg:/opt/ros/humble /usr/bin/cmake --install /home/ubuntu/bot_ws/build/articubot_one
[0.327s] -- Install configuration: ""
[0.327s] -- Execute custom install script
[0.327s] -- Up-to-date symlink: /home/ubuntu/bot_ws/install/articubot_one/share/articubot_one/config/drive_bot.rviz
[0.328s] -- Up-to-date symlink: /home/ubuntu/bot_ws/install/articubot_one/share/articubot_one/config/drive_bot.rvizrviz.rviz
[0.328s] -- Up-to-date symlink: /home/ubuntu/bot_ws/install/articubot_one/share/articubot_one/config/empty.yaml
[0.328s] -- Up-to-date symlink: /home/ubuntu/bot_ws/install/articubot_one/share/articubot_one/config/mapper_params_online_async.yaml
[0.328s] -- Symlinking: /home/ubuntu/bot_ws/install/articubot_one/share/articubot_one/config/nav2_params.yaml
[0.339s] -- Symlinking: /home/ubuntu/bot_ws/install/articubot_one/share/articubot_one/config/twist_mux.yaml
[0.350s] -- Up-to-date symlink: /home/ubuntu/bot_ws/install/articubot_one/share/articubot_one/config/view_bot.rviz
[0.350s] -- Up-to-date symlink: /home/ubuntu/bot_ws/install/articubot_one/share/articubot_one/description/camera.xacro
[0.350s] -- Up-to-date symlink: /home/ubuntu/bot_ws/install/articubot_one/share/articubot_one/description/depth_camera.xacro
[0.350s] -- Up-to-date symlink: /home/ubuntu/bot_ws/install/articubot_one/share/articubot_one/description/gazebo_control.xacro
[0.351s] -- Up-to-date symlink: /home/ubuntu/bot_ws/install/articubot_one/share/articubot_one/description/inertial_macros.xacro
[0.351s] -- Up-to-date symlink: /home/ubuntu/bot_ws/install/articubot_one/share/articubot_one/description/lidar.xacro
[0.351s] -- Up-to-date symlink: /home/ubuntu/bot_ws/install/articubot_one/share/articubot_one/description/robot.urdf.xacro
[0.351s] -- Up-to-date symlink: /home/ubuntu/bot_ws/install/articubot_one/share/articubot_one/description/robot_core.xacro
[0.351s] -- Up-to-date symlink: /home/ubuntu/bot_ws/install/articubot_one/share/articubot_one/launch/launch_sim.launch.py
[0.351s] -- Symlinking: /home/ubuntu/bot_ws/install/articubot_one/share/articubot_one/launch/localization_launch.py
[0.363s] -- Symlinking: /home/ubuntu/bot_ws/install/articubot_one/share/articubot_one/launch/navigation_launch.py
[0.375s] -- Up-to-date symlink: /home/ubuntu/bot_ws/install/articubot_one/share/articubot_one/launch/rsp.launch.py
[0.375s] -- Up-to-date symlink: /home/ubuntu/bot_ws/install/articubot_one/share/articubot_one/worlds/OBSTACLE
[0.375s] -- Up-to-date symlink: /home/ubuntu/bot_ws/install/articubot_one/share/articubot_one/worlds/empty.world
[0.375s] -- Up-to-date symlink: /home/ubuntu/bot_ws/install/articubot_one/share/articubot_one/worlds/obstacles.world
[0.375s] -- Up-to-date symlink: /home/ubuntu/bot_ws/install/articubot_one/share/ament_index/resource_index/package_run_dependencies/articubot_one
[0.376s] -- Up-to-date symlink: /home/ubuntu/bot_ws/install/articubot_one/share/ament_index/resource_index/parent_prefix_path/articubot_one
[0.376s] -- Up-to-date symlink: /home/ubuntu/bot_ws/install/articubot_one/share/articubot_one/environment/ament_prefix_path.sh
[0.376s] -- Up-to-date symlink: /home/ubuntu/bot_ws/install/articubot_one/share/articubot_one/environment/ament_prefix_path.dsv
[0.376s] -- Up-to-date symlink: /home/ubuntu/bot_ws/install/articubot_one/share/articubot_one/environment/path.sh
[0.376s] -- Up-to-date symlink: /home/ubuntu/bot_ws/install/articubot_one/share/articubot_one/environment/path.dsv
[0.376s] -- Up-to-date symlink: /home/ubuntu/bot_ws/install/articubot_one/share/articubot_one/local_setup.bash
[0.376s] -- Up-to-date symlink: /home/ubuntu/bot_ws/install/articubot_one/share/articubot_one/local_setup.sh
[0.376s] -- Up-to-date symlink: /home/ubuntu/bot_ws/install/articubot_one/share/articubot_one/local_setup.zsh
[0.377s] -- Up-to-date symlink: /home/ubuntu/bot_ws/install/articubot_one/share/articubot_one/local_setup.dsv
[0.377s] -- Symlinking: /home/ubuntu/bot_ws/install/articubot_one/share/articubot_one/package.dsv
[0.389s] -- Up-to-date symlink: /home/ubuntu/bot_ws/install/articubot_one/share/ament_index/resource_index/packages/articubot_one
[0.390s] -- Up-to-date symlink: /home/ubuntu/bot_ws/install/articubot_one/share/articubot_one/cmake/articubot_oneConfig.cmake
[0.390s] -- Up-to-date symlink: /home/ubuntu/bot_ws/install/articubot_one/share/articubot_one/cmake/articubot_oneConfig-version.cmake
[0.390s] -- Up-to-date symlink: /home/ubuntu/bot_ws/install/articubot_one/share/articubot_one/package.xml
[0.393s] Invoked command in '/home/ubuntu/bot_ws/build/articubot_one' returned '0': CMAKE_PREFIX_PATH=${CMAKE_PREFIX_PATH}:/home/ubuntu/ros2_ws/install/my_py_pkg:/opt/ros/humble /usr/bin/cmake --install /home/ubuntu/bot_ws/build/articubot_one
